(0000) 3000  0011000000000000 (   4)                 .ORIG x3000
(3000) E001  1110000000000001 (   8) START_MAIN      LEA   R0 INPUT_PROMPT_MSG
(3001) F022  1111000000100010 (   9)                 TRAP  x22
(3002) 0050  0000000001010000 (  10) INPUT_PROMPT_MSG .FILL x0050
(3003) 006C  0000000001101100 (  10)                 .FILL x006C
(3004) 0065  0000000001100101 (  10)                 .FILL x0065
(3005) 0061  0000000001100001 (  10)                 .FILL x0061
(3006) 0073  0000000001110011 (  10)                 .FILL x0073
(3007) 0065  0000000001100101 (  10)                 .FILL x0065
(3008) 0020  0000000000100000 (  10)                 .FILL x0020
(3009) 0065  0000000001100101 (  10)                 .FILL x0065
(300A) 006E  0000000001101110 (  10)                 .FILL x006E
(300B) 0074  0000000001110100 (  10)                 .FILL x0074
(300C) 0065  0000000001100101 (  10)                 .FILL x0065
(300D) 0072  0000000001110010 (  10)                 .FILL x0072
(300E) 0020  0000000000100000 (  10)                 .FILL x0020
(300F) 0035  0000000000110101 (  10)                 .FILL x0035
(3010) 0020  0000000000100000 (  10)                 .FILL x0020
(3011) 0073  0000000001110011 (  10)                 .FILL x0073
(3012) 0063  0000000001100011 (  10)                 .FILL x0063
(3013) 006F  0000000001101111 (  10)                 .FILL x006F
(3014) 0072  0000000001110010 (  10)                 .FILL x0072
(3015) 0065  0000000001100101 (  10)                 .FILL x0065
(3016) 0073  0000000001110011 (  10)                 .FILL x0073
(3017) 0020  0000000000100000 (  10)                 .FILL x0020
(3018) 0028  0000000000101000 (  10)                 .FILL x0028
(3019) 0065  0000000001100101 (  10)                 .FILL x0065
(301A) 0061  0000000001100001 (  10)                 .FILL x0061
(301B) 0063  0000000001100011 (  10)                 .FILL x0063
(301C) 0068  0000000001101000 (  10)                 .FILL x0068
(301D) 0020  0000000000100000 (  10)                 .FILL x0020
(301E) 0062  0000000001100010 (  10)                 .FILL x0062
(301F) 0065  0000000001100101 (  10)                 .FILL x0065
(3020) 0074  0000000001110100 (  10)                 .FILL x0074
(3021) 0077  0000000001110111 (  10)                 .FILL x0077
(3022) 0065  0000000001100101 (  10)                 .FILL x0065
(3023) 0065  0000000001100101 (  10)                 .FILL x0065
(3024) 006E  0000000001101110 (  10)                 .FILL x006E
(3025) 0020  0000000000100000 (  10)                 .FILL x0020
(3026) 0030  0000000000110000 (  10)                 .FILL x0030
(3027) 0020  0000000000100000 (  10)                 .FILL x0020
(3028) 0061  0000000001100001 (  10)                 .FILL x0061
(3029) 006E  0000000001101110 (  10)                 .FILL x006E
(302A) 0064  0000000001100100 (  10)                 .FILL x0064
(302B) 0020  0000000000100000 (  10)                 .FILL x0020
(302C) 0039  0000000000111001 (  10)                 .FILL x0039
(302D) 0039  0000000000111001 (  10)                 .FILL x0039
(302E) 0029  0000000000101001 (  10)                 .FILL x0029
(302F) 003A  0000000000111010 (  10)                 .FILL x003A
(3030) 0000  0000000000000000 (  10)                 .FILL x0000
(3031) 2097  0010000010010111 (  12)                 LD    R0 NEWLINE_CONST_VAL
(3032) F021  1111000000100001 (  13)                 TRAP  x21
(3033) 48E6  0100100011100110 (  15)                 JSR   GET_NUMERIC_INPUT_RTN
(3034) ECA8  1110110010101000 (  16)                 LEA   R6 SCORE_DATA_ARRAY
(3035) 7780  0111011110000000 (  17)                 STR   R3 R6 #0
(3036) 4868  0100100001101000 (  18)                 JSR   DETERMINE_LETTER_GRADE_RTN
(3037) 491A  0100100100011010 (  19)                 JSR   STACK_POP_OP_RTN
(3038) 2090  0010000010010000 (  21)                 LD    R0 NEWLINE_CONST_VAL
(3039) F021  1111000000100001 (  22)                 TRAP  x21
(303A) 48DF  0100100011011111 (  24)                 JSR   GET_NUMERIC_INPUT_RTN
(303B) ECA1  1110110010100001 (  25)                 LEA   R6 SCORE_DATA_ARRAY
(303C) 7781  0111011110000001 (  26)                 STR   R3 R6 #1
(303D) 4861  0100100001100001 (  27)                 JSR   DETERMINE_LETTER_GRADE_RTN
(303E) 4913  0100100100010011 (  28)                 JSR   STACK_POP_OP_RTN
(303F) 2089  0010000010001001 (  30)                 LD    R0 NEWLINE_CONST_VAL
(3040) F021  1111000000100001 (  31)                 TRAP  x21
(3041) 48D8  0100100011011000 (  33)                 JSR   GET_NUMERIC_INPUT_RTN
(3042) EC9A  1110110010011010 (  34)                 LEA   R6 SCORE_DATA_ARRAY
(3043) 7782  0111011110000010 (  35)                 STR   R3 R6 #2
(3044) 485A  0100100001011010 (  36)                 JSR   DETERMINE_LETTER_GRADE_RTN
(3045) 490C  0100100100001100 (  37)                 JSR   STACK_POP_OP_RTN
(3046) 2082  0010000010000010 (  39)                 LD    R0 NEWLINE_CONST_VAL
(3047) F021  1111000000100001 (  40)                 TRAP  x21
(3048) 48D1  0100100011010001 (  42)                 JSR   GET_NUMERIC_INPUT_RTN
(3049) EC93  1110110010010011 (  43)                 LEA   R6 SCORE_DATA_ARRAY
(304A) 7783  0111011110000011 (  44)                 STR   R3 R6 #3
(304B) 4853  0100100001010011 (  45)                 JSR   DETERMINE_LETTER_GRADE_RTN
(304C) 4905  0100100100000101 (  46)                 JSR   STACK_POP_OP_RTN
(304D) 207B  0010000001111011 (  48)                 LD    R0 NEWLINE_CONST_VAL
(304E) F021  1111000000100001 (  49)                 TRAP  x21
(304F) 48CA  0100100011001010 (  51)                 JSR   GET_NUMERIC_INPUT_RTN
(3050) EC8C  1110110010001100 (  52)                 LEA   R6 SCORE_DATA_ARRAY
(3051) 7784  0111011110000100 (  53)                 STR   R3 R6 #4
(3052) 484C  0100100001001100 (  54)                 JSR   DETERMINE_LETTER_GRADE_RTN
(3053) 48FE  0100100011111110 (  55)                 JSR   STACK_POP_OP_RTN
(3054) 2074  0010000001110100 (  57)                 LD    R0 NEWLINE_CONST_VAL
(3055) F021  1111000000100001 (  58)                 TRAP  x21
(3056) 2277  0010001001110111 (  62) FIND_MINIMUM_SCORE LD    R1 TOTAL_SCORES_VAL
(3057) E485  1110010010000101 (  63)                 LEA   R2 SCORE_DATA_ARRAY
(3058) 2884  0010100010000100 (  64)                 LD    R4 SCORE_DATA_ARRAY
(3059) 3876  0011100001110110 (  65)                 ST    R4 MIN_SCORE_RESULT
(305A) 14A1  0001010010100001 (  66)                 ADD   R2 R2 #1
(305B) 127F  0001001001111111 (  67)                 ADD   R1 R1 #-1
(305C) 6A80  0110101010000000 (  70) MIN_CHECK_LOOP  LDR   R5 R2 #0
(305D) 993F  1001100100111111 (  71)                 NOT   R4 R4
(305E) 1921  0001100100100001 (  72)                 ADD   R4 R4 #1
(305F) 1B44  0001101101000100 (  73)                 ADD   R5 R5 R4
(3060) 0872  0000100001110010 (  74)                 BRN   UPDATE_MIN_AND_CONTINUE
(3061) 14A1  0001010010100001 (  76)                 ADD   R2 R2 #1
(3062) 287A  0010100001111010 (  77)                 LD    R4 SCORE_DATA_ARRAY
(3063) 5B60  0101101101100000 (  78)                 AND   R5 R5 #0
(3064) 127F  0001001001111111 (  79)                 ADD   R1 R1 #-1
(3065) 03F6  0000001111110110 (  80)                 BRP   MIN_CHECK_LOOP
(3066) E07B  1110000001111011 (  82)                 LEA   R0 MIN_OUTPUT_LABEL
(3067) F022  1111000000100010 (  83)                 TRAP  x22
(3068) 2667  0010011001100111 (  84)                 LD    R3 MIN_SCORE_RESULT
(3069) 5260  0101001001100000 (  85)                 AND   R1 R1 #0
(306A) 48C4  0100100011000100 (  86)                 JSR   DISPLAY_NUMBER_RTN
(306B) 205E  0010000001011110 (  87)                 LD    R0 SPACE_CONST_VAL
(306C) F021  1111000000100001 (  88)                 TRAP  x21
(306D) 4936  0100100100110110 (  90)                 JSR   WIPE_GP_REGISTERS_RTN
(306E) 205A  0010000001011010 (  91)                 LD    R0 NEWLINE_CONST_VAL
(306F) F021  1111000000100001 (  92)                 TRAP  x21
(3070) 225D  0010001001011101 (  96) FIND_MAXIMUM_SCORE LD    R1 TOTAL_SCORES_VAL
(3071) E46B  1110010001101011 (  97)                 LEA   R2 SCORE_DATA_ARRAY
(3072) 286A  0010100001101010 (  98)                 LD    R4 SCORE_DATA_ARRAY
(3073) 385B  0011100001011011 (  99)                 ST    R4 MAX_SCORE_RESULT
(3074) 14A1  0001010010100001 ( 100)                 ADD   R2 R2 #1
(3075) 6A80  0110101010000000 ( 103) MAX_CHECK_LOOP  LDR   R5 R2 #0
(3076) 993F  1001100100111111 ( 104)                 NOT   R4 R4
(3077) 1921  0001100100100001 ( 105)                 ADD   R4 R4 #1
(3078) 1B44  0001101101000100 ( 106)                 ADD   R5 R5 R4
(3079) 025E  0000001001011110 ( 107)                 BRP   UPDATE_MAX_AND_CONTINUE
(307A) E077  1110000001110111 ( 108)                 LEA   R0 MAX_OUTPUT_LABEL
(307B) F022  1111000000100010 ( 109)                 TRAP  x22
(307C) 2652  0010011001010010 ( 110)                 LD    R3 MAX_SCORE_RESULT
(307D) 5260  0101001001100000 ( 111)                 AND   R1 R1 #0
(307E) 48B0  0100100010110000 ( 112)                 JSR   DISPLAY_NUMBER_RTN
(307F) 204A  0010000001001010 ( 113)                 LD    R0 SPACE_CONST_VAL
(3080) F021  1111000000100001 ( 114)                 TRAP  x21
(3081) 2047  0010000001000111 ( 116)                 LD    R0 NEWLINE_CONST_VAL
(3082) F021  1111000000100001 ( 117)                 TRAP  x21
(3083) 4920  0100100100100000 ( 118)                 JSR   WIPE_GP_REGISTERS_RTN
(3084) 2249  0010001001001001 ( 122) CALCULATE_AVERAGE_SCORE LD    R1 TOTAL_SCORES_VAL
(3085) E457  1110010001010111 ( 123)                 LEA   R2 SCORE_DATA_ARRAY
(3086) 56E0  0101011011100000 ( 124)                 AND   R3 R3 #0
(3087) 6880  0110100010000000 ( 127) SUM_ALL_SCORES_LOOP LDR   R4 R2 #0
(3088) 16C4  0001011011000100 ( 128)                 ADD   R3 R3 R4
(3089) 14A1  0001010010100001 ( 129)                 ADD   R2 R2 #1
(308A) 127F  0001001001111111 ( 130)                 ADD   R1 R1 #-1
(308B) 03FB  0000001111111011 ( 131)                 BRP   SUM_ALL_SCORES_LOOP
(308C) 2241  0010001001000001 ( 133)                 LD    R1 TOTAL_SCORES_VAL
(308D) 927F  1001001001111111 ( 134)                 NOT   R1 R1
(308E) 1261  0001001001100001 ( 135)                 ADD   R1 R1 #1
(308F) 18E0  0001100011100000 ( 136)                 ADD   R4 R3 #0
(3090) 5DA0  0101110110100000 ( 137)                 AND   R6 R6 #0
(3091) 1920  0001100100100000 ( 140) AVERAGE_DIVISION_LOOP ADD   R4 R4 #0
(3092) 0C03  0000110000000011 ( 141)                 BRNZ  AVERAGE_CALCULATION_ENDED
(3093) 1DA1  0001110110100001 ( 142)                 ADD   R6 R6 #1
(3094) 1901  0001100100000001 ( 143)                 ADD   R4 R4 R1
(3095) 03FB  0000001111111011 ( 144)                 BRP   AVERAGE_DIVISION_LOOP
(3096) 3C3B  0011110000111011 ( 147) AVERAGE_CALCULATION_ENDED ST    R6 FINAL_AVERAGE_SCORE
(3097) E06A  1110000001101010 ( 148)                 LEA   R0 AVG_OUTPUT_LABEL
(3098) F022  1111000000100010 ( 149)                 TRAP  x22
(3099) 56E0  0101011011100000 ( 150)                 AND   R3 R3 #0
(309A) 5260  0101001001100000 ( 151)                 AND   R1 R1 #0
(309B) 5920  0101100100100000 ( 152)                 AND   R4 R4 #0
(309C) 16C6  0001011011000110 ( 153)                 ADD   R3 R3 R6
(309D) 4891  0100100010010001 ( 154)                 JSR   DISPLAY_NUMBER_RTN
(309E) F025  1111000000100101 ( 155)                 TRAP  x25
(309F) 54A0  0101010010100000 ( 159) DETERMINE_LETTER_GRADE_RTN AND   R2 R2 #0
(30A0) 201E  0010000000011110 ( 162) CHECK_FOR_A     LD    R0 GRADE_A_MIN_NEG
(30A1) 221E  0010001000011110 ( 163)                 LD    R1 ASCII_CHAR_A
(30A2) 14C0  0001010011000000 ( 164)                 ADD   R2 R3 R0
(30A3) 0615  0000011000010101 ( 165)                 BRZP  STORE_LETTER_AND_PUSH_RTN
(30A4) 54A0  0101010010100000 ( 168) CHECK_FOR_B     AND   R2 R2 #0
(30A5) 201B  0010000000011011 ( 169)                 LD    R0 GRADE_B_MIN_NEG
(30A6) 221B  0010001000011011 ( 170)                 LD    R1 ASCII_CHAR_B
(30A7) 14C0  0001010011000000 ( 171)                 ADD   R2 R3 R0
(30A8) 0610  0000011000010000 ( 172)                 BRZP  STORE_LETTER_AND_PUSH_RTN
(30A9) 54A0  0101010010100000 ( 175) CHECK_FOR_C     AND   R2 R2 #0
(30AA) 2018  0010000000011000 ( 176)                 LD    R0 GRADE_C_MIN_NEG
(30AB) 2218  0010001000011000 ( 177)                 LD    R1 ASCII_CHAR_C
(30AC) 14C0  0001010011000000 ( 178)                 ADD   R2 R3 R0
(30AD) 060B  0000011000001011 ( 179)                 BRZP  STORE_LETTER_AND_PUSH_RTN
(30AE) 54A0  0101010010100000 ( 182) CHECK_FOR_D     AND   R2 R2 #0
(30AF) 2015  0010000000010101 ( 183)                 LD    R0 GRADE_D_MIN_NEG
(30B0) 2215  0010001000010101 ( 184)                 LD    R1 ASCII_CHAR_D
(30B1) 14C0  0001010011000000 ( 185)                 ADD   R2 R3 R0
(30B2) 0606  0000011000000110 ( 186)                 BRZP  STORE_LETTER_AND_PUSH_RTN
(30B3) 54A0  0101010010100000 ( 189) ASSIGN_F_GRADE_DEFAULT AND   R2 R2 #0
(30B4) 2012  0010000000010010 ( 190)                 LD    R0 GRADE_F_MIN_NEG
(30B5) 2212  0010001000010010 ( 191)                 LD    R1 ASCII_CHAR_F
(30B6) 14C0  0001010011000000 ( 192)                 ADD   R2 R3 R0
(30B7) 0E01  0000111000000001 ( 193)                 BRNZP STORE_LETTER_AND_PUSH_RTN
(30B8) C1C0  1100000111000000 ( 195)                 RET   
(30B9) 3E5B  0011111001011011 ( 198) STORE_LETTER_AND_PUSH_RTN ST    R7 GEN_SAVE_SLOT_1
(30BA) 5020  0101000000100000 ( 199)                 AND   R0 R0 #0
(30BB) 1060  0001000001100000 ( 200)                 ADD   R0 R1 #0
(30BC) 488B  0100100010001011 ( 201)                 JSR   STACK_PUSH_OP_RTN
(30BD) 2E57  0010111001010111 ( 202)                 LD    R7 GEN_SAVE_SLOT_1
(30BE) C1C0  1100000111000000 ( 203)                 RET   
(30BF) FFA6  1111111110100110 ( 205) GRADE_A_MIN_NEG .FILL xFFA6
(30C0) 0041  0000000001000001 ( 206) ASCII_CHAR_A    .FILL x0041
(30C1) FFB0  1111111110110000 ( 207) GRADE_B_MIN_NEG .FILL xFFB0
(30C2) 0042  0000000001000010 ( 208) ASCII_CHAR_B    .FILL x0042
(30C3) FFBA  1111111110111010 ( 209) GRADE_C_MIN_NEG .FILL xFFBA
(30C4) 0043  0000000001000011 ( 210) ASCII_CHAR_C    .FILL x0043
(30C5) FFC4  1111111111000100 ( 211) GRADE_D_MIN_NEG .FILL xFFC4
(30C6) 0044  0000000001000100 ( 212) ASCII_CHAR_D    .FILL x0044
(30C7) FFCE  1111111111001110 ( 213) GRADE_F_MIN_NEG .FILL xFFCE
(30C8) 0046  0000000001000110 ( 214) ASCII_CHAR_F    .FILL x0046
(30C9) 000A  0000000000001010 ( 218) NEWLINE_CONST_VAL .FILL x000A
(30CA) 0020  0000000000100000 ( 219) SPACE_CONST_VAL .FILL x0020
(30CB) FFD0  1111111111010000 ( 220) ASCII_TO_NUM_CONV_OFFSET .FILL xFFD0
(30CC) 0030  0000000000110000 ( 221) NUM_TO_ASCII_CONV_OFFSET .FILL x0030
(30CD) FFE2  1111111111100010 ( 222) UNUSED_ASCII_NEG_30_CONST .FILL xFFE2
(30CE) 0005  0000000000000101 ( 223) TOTAL_SCORES_VAL .FILL x0005
(30CF) 0000  0000000000000000 ( 225) MAX_SCORE_RESULT .FILL x0000
(30D0) 0000  0000000000000000 ( 226) MIN_SCORE_RESULT .FILL x0000
(30D1) 0000  0000000000000000 ( 227) UNUSED_AVG_LABEL_MEM .FILL x0000
(30D2) 0000  0000000000000000 ( 229) FINAL_AVERAGE_SCORE .FILL x0000
(30D3) 6880  0110100010000000 ( 230) UPDATE_MIN_AND_CONTINUE LDR   R4 R2 #0
(30D4) 39FB  0011100111111011 ( 231)                 ST    R4 MIN_SCORE_RESULT
(30D5) 14A1  0001010010100001 ( 232)                 ADD   R2 R2 #1
(30D6) 127F  0001001001111111 ( 233)                 ADD   R1 R1 #-1
(30D7) 0F84  0000111110000100 ( 234)                 BRNZP MIN_CHECK_LOOP
(30D8) 6880  0110100010000000 ( 237) UPDATE_MAX_AND_CONTINUE LDR   R4 R2 #0
(30D9) 39F5  0011100111110101 ( 238)                 ST    R4 MAX_SCORE_RESULT
(30DA) 14A1  0001010010100001 ( 239)                 ADD   R2 R2 #1
(30DB) 127F  0001001001111111 ( 240)                 ADD   R1 R1 #-1
(30DC) 0398  0000001110011000 ( 241)                 BRP   MAX_CHECK_LOOP
(30DD) 0000  0000000000000000 ( 245) SCORE_DATA_ARRAY .FILL x0000
(30DE) 0000  0000000000000000 ( 245)                 .FILL x0000
(30DF) 0000  0000000000000000 ( 245)                 .FILL x0000
(30E0) 0000  0000000000000000 ( 245)                 .FILL x0000
(30E1) 0000  0000000000000000 ( 245)                 .FILL x0000
(30E2) 004D  0000000001001101 ( 245) MIN_OUTPUT_LABEL .FILL x004D
(30E3) 0049  0000000001001001 ( 245)                 .FILL x0049
(30E4) 004E  0000000001001110 ( 245)                 .FILL x004E
(30E5) 0049  0000000001001001 ( 245)                 .FILL x0049
(30E6) 004D  0000000001001101 ( 245)                 .FILL x004D
(30E7) 0055  0000000001010101 ( 245)                 .FILL x0055
(30E8) 004D  0000000001001101 ( 245)                 .FILL x004D
(30E9) 0020  0000000000100000 ( 245)                 .FILL x0020
(30EA) 0053  0000000001010011 ( 245)                 .FILL x0053
(30EB) 0043  0000000001000011 ( 245)                 .FILL x0043
(30EC) 004F  0000000001001111 ( 245)                 .FILL x004F
(30ED) 0052  0000000001010010 ( 245)                 .FILL x0052
(30EE) 0045  0000000001000101 ( 245)                 .FILL x0045
(30EF) 003A  0000000000111010 ( 245)                 .FILL x003A
(30F0) 0020  0000000000100000 ( 245)                 .FILL x0020
(30F1) 0000  0000000000000000 ( 245)                 .FILL x0000
(30F2) 004D  0000000001001101 ( 246) MAX_OUTPUT_LABEL .FILL x004D
(30F3) 0041  0000000001000001 ( 246)                 .FILL x0041
(30F4) 0058  0000000001011000 ( 246)                 .FILL x0058
(30F5) 0049  0000000001001001 ( 246)                 .FILL x0049
(30F6) 004D  0000000001001101 ( 246)                 .FILL x004D
(30F7) 0055  0000000001010101 ( 246)                 .FILL x0055
(30F8) 004D  0000000001001101 ( 246)                 .FILL x004D
(30F9) 0020  0000000000100000 ( 246)                 .FILL x0020
(30FA) 0053  0000000001010011 ( 246)                 .FILL x0053
(30FB) 0043  0000000001000011 ( 246)                 .FILL x0043
(30FC) 004F  0000000001001111 ( 246)                 .FILL x004F
(30FD) 0052  0000000001010010 ( 246)                 .FILL x0052
(30FE) 0045  0000000001000101 ( 246)                 .FILL x0045
(30FF) 003A  0000000000111010 ( 246)                 .FILL x003A
(3100) 0020  0000000000100000 ( 246)                 .FILL x0020
(3101) 0000  0000000000000000 ( 246)                 .FILL x0000
(3102) 0041  0000000001000001 ( 247) AVG_OUTPUT_LABEL .FILL x0041
(3103) 0056  0000000001010110 ( 247)                 .FILL x0056
(3104) 0045  0000000001000101 ( 247)                 .FILL x0045
(3105) 0052  0000000001010010 ( 247)                 .FILL x0052
(3106) 0041  0000000001000001 ( 247)                 .FILL x0041
(3107) 0047  0000000001000111 ( 247)                 .FILL x0047
(3108) 0045  0000000001000101 ( 247)                 .FILL x0045
(3109) 0020  0000000000100000 ( 247)                 .FILL x0020
(310A) 0053  0000000001010011 ( 247)                 .FILL x0053
(310B) 0043  0000000001000011 ( 247)                 .FILL x0043
(310C) 004F  0000000001001111 ( 247)                 .FILL x004F
(310D) 0052  0000000001010010 ( 247)                 .FILL x0052
(310E) 0045  0000000001000101 ( 247)                 .FILL x0045
(310F) 003A  0000000000111010 ( 247)                 .FILL x003A
(3110) 0020  0000000000100000 ( 247)                 .FILL x0020
(3111) 0000  0000000000000000 ( 247)                 .FILL x0000
(3112) FF87  1111111110000111 ( 249) ASCII_Y_LOWER_NEG_CONST .FILL xFF87
(3113) FFA7  1111111110100111 ( 250) ASCII_Y_UPPER_NEG_CONST .FILL xFFA7
(3114) 3000  0011000000000000 ( 251) PROGRAM_START_ADDR_CONST .FILL x3000
(3115) 0000  0000000000000000 ( 253) GEN_SAVE_SLOT_1 .FILL x0000
(3116) 0000  0000000000000000 ( 254) GEN_SAVE_SLOT_2 .FILL x0000
(3117) 0000  0000000000000000 ( 255) GEN_SAVE_SLOT_3 .FILL x0000
(3118) 0000  0000000000000000 ( 256) GEN_SAVE_SLOT_4 .FILL x0000
(3119) 0000  0000000000000000 ( 257) GEN_SAVE_SLOT_5 .FILL x0000
(311A) 3FFA  0011111111111010 ( 261) GET_NUMERIC_INPUT_RTN ST    R7 GEN_SAVE_SLOT_1
(311B) 4888  0100100010001000 ( 262)                 JSR   WIPE_GP_REGISTERS_RTN
(311C) 29AE  0010100110101110 ( 263)                 LD    R4 ASCII_TO_NUM_CONV_OFFSET
(311D) F020  1111000000100000 ( 265)                 TRAP  x20
(311E) 488C  0100100010001100 ( 266)                 JSR   VALIDATE_CHAR_INPUT_RTN
(311F) F021  1111000000100001 ( 267)                 TRAP  x21
(3120) 1220  0001001000100000 ( 269)                 ADD   R1 R0 #0
(3121) 1244  0001001001000100 ( 270)                 ADD   R1 R1 R4
(3122) 14AA  0001010010101010 ( 271)                 ADD   R2 R2 #10
(3123) 16C1  0001011011000001 ( 274) MULTIPLY_TENS_DIGIT_LOOP ADD   R3 R3 R1
(3124) 14BF  0001010010111111 ( 275)                 ADD   R2 R2 #-1
(3125) 03FD  0000001111111101 ( 276)                 BRP   MULTIPLY_TENS_DIGIT_LOOP
(3126) F020  1111000000100000 ( 278)                 TRAP  x20
(3127) 4883  0100100010000011 ( 279)                 JSR   VALIDATE_CHAR_INPUT_RTN
(3128) F021  1111000000100001 ( 280)                 TRAP  x21
(3129) 1004  0001000000000100 ( 282)                 ADD   R0 R0 R4
(312A) 16C0  0001011011000000 ( 283)                 ADD   R3 R3 R0
(312B) 219E  0010000110011110 ( 285)                 LD    R0 SPACE_CONST_VAL
(312C) F021  1111000000100001 ( 286)                 TRAP  x21
(312D) 2FE7  0010111111100111 ( 288)                 LD    R7 GEN_SAVE_SLOT_1
(312E) C1C0  1100000111000000 ( 289)                 RET   
(312F) 3FE5  0011111111100101 ( 293) DISPLAY_NUMBER_RTN ST    R7 GEN_SAVE_SLOT_1
(3130) 2B9B  0010101110011011 ( 294)                 LD    R5 NUM_TO_ASCII_CONV_OFFSET
(3131) 18E0  0001100011100000 ( 295)                 ADD   R4 R3 #0
(3132) 5260  0101001001100000 ( 296)                 AND   R1 R1 #0
(3133) 1261  0001001001100001 ( 299) CALC_TENS_DIGIT_LOOP ADD   R1 R1 #1
(3134) 1936  0001100100110110 ( 300)                 ADD   R4 R4 #-10
(3135) 03FD  0000001111111101 ( 301)                 BRP   CALC_TENS_DIGIT_LOOP
(3136) 127F  0001001001111111 ( 303)                 ADD   R1 R1 #-1
(3137) 192A  0001100100101010 ( 304)                 ADD   R4 R4 #10
(3138) 1D36  0001110100110110 ( 306)                 ADD   R6 R4 #-10
(3139) 0A02  0000101000000010 ( 307)                 BRNP  REMAINDER_ADJUSTED
(313A) 1261  0001001001100001 ( 310) REMAINDER_NEEDS_ADJUST ADD   R1 R1 #1
(313B) 1936  0001100100110110 ( 311)                 ADD   R4 R4 #-10
(313C) 320A  0011001000001010 ( 314) REMAINDER_ADJUSTED ST    R1 TEMP_QUOTIENT_MEM
(313D) 3808  0011100000001000 ( 315)                 ST    R4 TEMP_REMAINDER_MEM
(313E) 2008  0010000000001000 ( 317)                 LD    R0 TEMP_QUOTIENT_MEM
(313F) 1005  0001000000000101 ( 318)                 ADD   R0 R0 R5
(3140) F021  1111000000100001 ( 319)                 TRAP  x21
(3141) 2004  0010000000000100 ( 320)                 LD    R0 TEMP_REMAINDER_MEM
(3142) 1005  0001000000000101 ( 321)                 ADD   R0 R0 R5
(3143) F021  1111000000100001 ( 322)                 TRAP  x21
(3144) 2FD0  0010111111010000 ( 324)                 LD    R7 GEN_SAVE_SLOT_1
(3145) C1C0  1100000111000000 ( 325)                 RET   
(3146) 0000  0000000000000000 ( 327) TEMP_REMAINDER_MEM .FILL x0000
(3147) 0000  0000000000000000 ( 328) TEMP_QUOTIENT_MEM .FILL x0000
(3148) 3FCD  0011111111001101 ( 332) STACK_PUSH_OP_RTN ST    R7 GEN_SAVE_SLOT_2
(3149) 2C07  0010110000000111 ( 333)                 LD    R6 STACK_POINTER_MEM_LOC
(314A) 1DA0  0001110110100000 ( 334)                 ADD   R6 R6 #0
(314B) 0C15  0000110000010101 ( 335)                 BRNZ  STACK_OPERATION_ERROR
(314C) 1DBF  0001110110111111 ( 337)                 ADD   R6 R6 #-1
(314D) 7180  0111000110000000 ( 338)                 STR   R0 R6 #0
(314E) 3C02  0011110000000010 ( 339)                 ST    R6 STACK_POINTER_MEM_LOC
(314F) 2FC6  0010111111000110 ( 340)                 LD    R7 GEN_SAVE_SLOT_2
(3150) C1C0  1100000111000000 ( 341)                 RET   
(3151) 4000  0100000000000000 ( 343) STACK_POINTER_MEM_LOC .FILL x4000
(3152) 2DFE  0010110111111110 ( 347) STACK_POP_OP_RTN LD    R6 STACK_POINTER_MEM_LOC
(3153) 33C5  0011001111000101 ( 348)                 ST    R1 GEN_SAVE_SLOT_5
(3154) 220F  0010001000001111 ( 349)                 LD    R1 STACK_BOTTOM_LIMIT_NEG
(3155) 1246  0001001001000110 ( 350)                 ADD   R1 R1 R6
(3156) 060A  0000011000001010 ( 351)                 BRZP  STACK_OPERATION_ERROR
(3157) 23C1  0010001111000001 ( 352)                 LD    R1 GEN_SAVE_SLOT_5
(3158) 6180  0110000110000000 ( 354)                 LDR   R0 R6 #0
(3159) 3FBE  0011111110111110 ( 355)                 ST    R7 GEN_SAVE_SLOT_4
(315A) F021  1111000000100001 ( 357)                 TRAP  x21
(315B) 216E  0010000101101110 ( 358)                 LD    R0 SPACE_CONST_VAL
(315C) F021  1111000000100001 ( 359)                 TRAP  x21
(315D) 1DA1  0001110110100001 ( 361)                 ADD   R6 R6 #1
(315E) 3DF2  0011110111110010 ( 362)                 ST    R6 STACK_POINTER_MEM_LOC
(315F) 2FB8  0010111110111000 ( 363)                 LD    R7 GEN_SAVE_SLOT_4
(3160) C1C0  1100000111000000 ( 364)                 RET   
(3161) E003  1110000000000011 ( 367) STACK_OPERATION_ERROR LEA   R0 STACK_FAILURE_MSG
(3162) F022  1111000000100010 ( 368)                 TRAP  x22
(3163) F025  1111000000100101 ( 369)                 TRAP  x25
(3164) C000  1100000000000000 ( 371) STACK_BOTTOM_LIMIT_NEG .FILL xC000
(3165) 0043  0000000001000011 ( 372) STACK_FAILURE_MSG .FILL x0043
(3166) 0052  0000000001010010 ( 372)                 .FILL x0052
(3167) 0049  0000000001001001 ( 372)                 .FILL x0049
(3168) 0054  0000000001010100 ( 372)                 .FILL x0054
(3169) 0049  0000000001001001 ( 372)                 .FILL x0049
(316A) 0043  0000000001000011 ( 372)                 .FILL x0043
(316B) 0041  0000000001000001 ( 372)                 .FILL x0041
(316C) 004C  0000000001001100 ( 372)                 .FILL x004C
(316D) 0020  0000000000100000 ( 372)                 .FILL x0020
(316E) 0053  0000000001010011 ( 372)                 .FILL x0053
(316F) 0054  0000000001010100 ( 372)                 .FILL x0054
(3170) 0041  0000000001000001 ( 372)                 .FILL x0041
(3171) 0043  0000000001000011 ( 372)                 .FILL x0043
(3172) 004B  0000000001001011 ( 372)                 .FILL x004B
(3173) 0020  0000000000100000 ( 372)                 .FILL x0020
(3174) 0046  0000000001000110 ( 372)                 .FILL x0046
(3175) 0041  0000000001000001 ( 372)                 .FILL x0041
(3176) 0055  0000000001010101 ( 372)                 .FILL x0055
(3177) 004C  0000000001001100 ( 372)                 .FILL x004C
(3178) 0054  0000000001010100 ( 372)                 .FILL x0054
(3179) 0020  0000000000100000 ( 372)                 .FILL x0020
(317A) 0028  0000000000101000 ( 372)                 .FILL x0028
(317B) 004F  0000000001001111 ( 372)                 .FILL x004F
(317C) 0076  0000000001110110 ( 372)                 .FILL x0076
(317D) 0065  0000000001100101 ( 372)                 .FILL x0065
(317E) 0072  0000000001110010 ( 372)                 .FILL x0072
(317F) 0066  0000000001100110 ( 372)                 .FILL x0066
(3180) 006C  0000000001101100 ( 372)                 .FILL x006C
(3181) 006F  0000000001101111 ( 372)                 .FILL x006F
(3182) 0077  0000000001110111 ( 372)                 .FILL x0077
(3183) 002F  0000000000101111 ( 372)                 .FILL x002F
(3184) 0055  0000000001010101 ( 372)                 .FILL x0055
(3185) 006E  0000000001101110 ( 372)                 .FILL x006E
(3186) 0064  0000000001100100 ( 372)                 .FILL x0064
(3187) 0065  0000000001100101 ( 372)                 .FILL x0065
(3188) 0072  0000000001110010 ( 372)                 .FILL x0072
(3189) 0066  0000000001100110 ( 372)                 .FILL x0066
(318A) 006C  0000000001101100 ( 372)                 .FILL x006C
(318B) 006F  0000000001101111 ( 372)                 .FILL x006F
(318C) 0077  0000000001110111 ( 372)                 .FILL x0077
(318D) 0029  0000000000101001 ( 372)                 .FILL x0029
(318E) 002E  0000000000101110 ( 372)                 .FILL x002E
(318F) 0020  0000000000100000 ( 372)                 .FILL x0020
(3190) 0050  0000000001010000 ( 372)                 .FILL x0050
(3191) 0072  0000000001110010 ( 372)                 .FILL x0072
(3192) 006F  0000000001101111 ( 372)                 .FILL x006F
(3193) 0067  0000000001100111 ( 372)                 .FILL x0067
(3194) 0072  0000000001110010 ( 372)                 .FILL x0072
(3195) 0061  0000000001100001 ( 372)                 .FILL x0061
(3196) 006D  0000000001101101 ( 372)                 .FILL x006D
(3197) 0020  0000000000100000 ( 372)                 .FILL x0020
(3198) 0074  0000000001110100 ( 372)                 .FILL x0074
(3199) 0065  0000000001100101 ( 372)                 .FILL x0065
(319A) 0072  0000000001110010 ( 372)                 .FILL x0072
(319B) 006D  0000000001101101 ( 372)                 .FILL x006D
(319C) 0069  0000000001101001 ( 372)                 .FILL x0069
(319D) 006E  0000000001101110 ( 372)                 .FILL x006E
(319E) 0061  0000000001100001 ( 372)                 .FILL x0061
(319F) 0074  0000000001110100 ( 372)                 .FILL x0074
(31A0) 0065  0000000001100101 ( 372)                 .FILL x0065
(31A1) 0064  0000000001100100 ( 372)                 .FILL x0064
(31A2) 002E  0000000000101110 ( 372)                 .FILL x002E
(31A3) 0000  0000000000000000 ( 372)                 .FILL x0000
(31A4) 5260  0101001001100000 ( 376) WIPE_GP_REGISTERS_RTN AND   R1 R1 #0
(31A5) 54A0  0101010010100000 ( 377)                 AND   R2 R2 #0
(31A6) 56E0  0101011011100000 ( 378)                 AND   R3 R3 #0
(31A7) 5920  0101100100100000 ( 379)                 AND   R4 R4 #0
(31A8) 5B60  0101101101100000 ( 380)                 AND   R5 R5 #0
(31A9) 5DA0  0101110110100000 ( 381)                 AND   R6 R6 #0
(31AA) C1C0  1100000111000000 ( 382)                 RET   
(31AB) 336D  0011001101101101 ( 386) VALIDATE_CHAR_INPUT_RTN ST    R1 GEN_SAVE_SLOT_5
(31AC) 356B  0011010101101011 ( 387)                 ST    R2 GEN_SAVE_SLOT_4
(31AD) 3769  0011011101101001 ( 388)                 ST    R3 GEN_SAVE_SLOT_3
(31AE) 224E  0010001001001110 ( 390)                 LD    R1 MIN_VALID_DIGIT_NEG_ASCII
(31AF) 1401  0001010000000001 ( 391)                 ADD   R2 R0 R1
(31B0) 0807  0000100000000111 ( 392)                 BRN   INPUT_VALIDATION_FAILURE
(31B1) 224C  0010001001001100 ( 394)                 LD    R1 MAX_VALID_DIGIT_NEG_ASCII
(31B2) 1601  0001011000000001 ( 395)                 ADD   R3 R0 R1
(31B3) 0204  0000001000000100 ( 396)                 BRP   INPUT_VALIDATION_FAILURE
(31B4) 2364  0010001101100100 ( 398)                 LD    R1 GEN_SAVE_SLOT_5
(31B5) 2562  0010010101100010 ( 399)                 LD    R2 GEN_SAVE_SLOT_4
(31B6) 2760  0010011101100000 ( 400)                 LD    R3 GEN_SAVE_SLOT_3
(31B7) C1C0  1100000111000000 ( 401)                 RET   
(31B8) E005  1110000000000101 ( 404) INPUT_VALIDATION_FAILURE LEA   R0 INVALID_CHAR_ERROR_MSG
(31B9) F022  1111000000100010 ( 405)                 TRAP  x22
(31BA) 2044  0010000001000100 ( 406)                 LD    R0 NEWLINE_FOR_VALIDATION_ERR
(31BB) F021  1111000000100001 ( 407)                 TRAP  x21
(31BC) 2E3F  0010111000111111 ( 408)                 LD    R7 MAIN_PROGRAM_START_ADDR
(31BD) C1C0  1100000111000000 ( 409)                 RET   
(31BE) 0045  0000000001000101 ( 411) INVALID_CHAR_ERROR_MSG .FILL x0045
(31BF) 0052  0000000001010010 ( 411)                 .FILL x0052
(31C0) 0052  0000000001010010 ( 411)                 .FILL x0052
(31C1) 004F  0000000001001111 ( 411)                 .FILL x004F
(31C2) 0052  0000000001010010 ( 411)                 .FILL x0052
(31C3) 003A  0000000000111010 ( 411)                 .FILL x003A
(31C4) 0020  0000000000100000 ( 411)                 .FILL x0020
(31C5) 0049  0000000001001001 ( 411)                 .FILL x0049
(31C6) 006E  0000000001101110 ( 411)                 .FILL x006E
(31C7) 0076  0000000001110110 ( 411)                 .FILL x0076
(31C8) 0061  0000000001100001 ( 411)                 .FILL x0061
(31C9) 006C  0000000001101100 ( 411)                 .FILL x006C
(31CA) 0069  0000000001101001 ( 411)                 .FILL x0069
(31CB) 0064  0000000001100100 ( 411)                 .FILL x0064
(31CC) 0020  0000000000100000 ( 411)                 .FILL x0020
(31CD) 0063  0000000001100011 ( 411)                 .FILL x0063
(31CE) 0068  0000000001101000 ( 411)                 .FILL x0068
(31CF) 0061  0000000001100001 ( 411)                 .FILL x0061
(31D0) 0072  0000000001110010 ( 411)                 .FILL x0072
(31D1) 0061  0000000001100001 ( 411)                 .FILL x0061
(31D2) 0063  0000000001100011 ( 411)                 .FILL x0063
(31D3) 0074  0000000001110100 ( 411)                 .FILL x0074
(31D4) 0065  0000000001100101 ( 411)                 .FILL x0065
(31D5) 0072  0000000001110010 ( 411)                 .FILL x0072
(31D6) 0020  0000000000100000 ( 411)                 .FILL x0020
(31D7) 0065  0000000001100101 ( 411)                 .FILL x0065
(31D8) 006E  0000000001101110 ( 411)                 .FILL x006E
(31D9) 0074  0000000001110100 ( 411)                 .FILL x0074
(31DA) 0065  0000000001100101 ( 411)                 .FILL x0065
(31DB) 0072  0000000001110010 ( 411)                 .FILL x0072
(31DC) 0065  0000000001100101 ( 411)                 .FILL x0065
(31DD) 0064  0000000001100100 ( 411)                 .FILL x0064
(31DE) 002E  0000000000101110 ( 411)                 .FILL x002E
(31DF) 0020  0000000000100000 ( 411)                 .FILL x0020
(31E0) 0052  0000000001010010 ( 411)                 .FILL x0052
(31E1) 0065  0000000001100101 ( 411)                 .FILL x0065
(31E2) 0073  0000000001110011 ( 411)                 .FILL x0073
(31E3) 0074  0000000001110100 ( 411)                 .FILL x0074
(31E4) 0061  0000000001100001 ( 411)                 .FILL x0061
(31E5) 0072  0000000001110010 ( 411)                 .FILL x0072
(31E6) 0074  0000000001110100 ( 411)                 .FILL x0074
(31E7) 0069  0000000001101001 ( 411)                 .FILL x0069
(31E8) 006E  0000000001101110 ( 411)                 .FILL x006E
(31E9) 0067  0000000001100111 ( 411)                 .FILL x0067
(31EA) 0020  0000000000100000 ( 411)                 .FILL x0020
(31EB) 0069  0000000001101001 ( 411)                 .FILL x0069
(31EC) 006E  0000000001101110 ( 411)                 .FILL x006E
(31ED) 0070  0000000001110000 ( 411)                 .FILL x0070
(31EE) 0075  0000000001110101 ( 411)                 .FILL x0075
(31EF) 0074  0000000001110100 ( 411)                 .FILL x0074
(31F0) 0020  0000000000100000 ( 411)                 .FILL x0020
(31F1) 0070  0000000001110000 ( 411)                 .FILL x0070
(31F2) 0072  0000000001110010 ( 411)                 .FILL x0072
(31F3) 006F  0000000001101111 ( 411)                 .FILL x006F
(31F4) 0063  0000000001100011 ( 411)                 .FILL x0063
(31F5) 0065  0000000001100101 ( 411)                 .FILL x0065
(31F6) 0073  0000000001110011 ( 411)                 .FILL x0073
(31F7) 0073  0000000001110011 ( 411)                 .FILL x0073
(31F8) 002E  0000000000101110 ( 411)                 .FILL x002E
(31F9) 002E  0000000000101110 ( 411)                 .FILL x002E
(31FA) 002E  0000000000101110 ( 411)                 .FILL x002E
(31FB) 0000  0000000000000000 ( 411)                 .FILL x0000
(31FC) 3000  0011000000000000 ( 412) MAIN_PROGRAM_START_ADDR .FILL x3000
(31FD) FFD0  1111111111010000 ( 413) MIN_VALID_DIGIT_NEG_ASCII .FILL xFFD0
(31FE) FFC7  1111111111000111 ( 414) MAX_VALID_DIGIT_NEG_ASCII .FILL xFFC7
(31FF) 000A  0000000000001010 ( 415) NEWLINE_FOR_VALIDATION_ERR .FILL x000A
