(0000) 3000  0011000000000000 (   4)                 .ORIG x3000
(3000) E001  1110000000000001 (   8) START_MAIN      LEA   R0 INPUT_PROMPT_MSG
(3001) F022  1111000000100010 (   9)                 TRAP  x22
(3002) 0050  0000000001010000 (  10) INPUT_PROMPT_MSG .FILL x0050
(3003) 006C  0000000001101100 (  10)                 .FILL x006C
(3004) 0065  0000000001100101 (  10)                 .FILL x0065
(3005) 0061  0000000001100001 (  10)                 .FILL x0061
(3006) 0073  0000000001110011 (  10)                 .FILL x0073
(3007) 0065  0000000001100101 (  10)                 .FILL x0065
(3008) 0020  0000000000100000 (  10)                 .FILL x0020
(3009) 0065  0000000001100101 (  10)                 .FILL x0065
(300A) 006E  0000000001101110 (  10)                 .FILL x006E
(300B) 0074  0000000001110100 (  10)                 .FILL x0074
(300C) 0065  0000000001100101 (  10)                 .FILL x0065
(300D) 0072  0000000001110010 (  10)                 .FILL x0072
(300E) 0020  0000000000100000 (  10)                 .FILL x0020
(300F) 0035  0000000000110101 (  10)                 .FILL x0035
(3010) 0020  0000000000100000 (  10)                 .FILL x0020
(3011) 0073  0000000001110011 (  10)                 .FILL x0073
(3012) 0063  0000000001100011 (  10)                 .FILL x0063
(3013) 006F  0000000001101111 (  10)                 .FILL x006F
(3014) 0072  0000000001110010 (  10)                 .FILL x0072
(3015) 0065  0000000001100101 (  10)                 .FILL x0065
(3016) 0073  0000000001110011 (  10)                 .FILL x0073
(3017) 0020  0000000000100000 (  10)                 .FILL x0020
(3018) 0028  0000000000101000 (  10)                 .FILL x0028
(3019) 0065  0000000001100101 (  10)                 .FILL x0065
(301A) 0061  0000000001100001 (  10)                 .FILL x0061
(301B) 0063  0000000001100011 (  10)                 .FILL x0063
(301C) 0068  0000000001101000 (  10)                 .FILL x0068
(301D) 0020  0000000000100000 (  10)                 .FILL x0020
(301E) 0062  0000000001100010 (  10)                 .FILL x0062
(301F) 0065  0000000001100101 (  10)                 .FILL x0065
(3020) 0074  0000000001110100 (  10)                 .FILL x0074
(3021) 0077  0000000001110111 (  10)                 .FILL x0077
(3022) 0065  0000000001100101 (  10)                 .FILL x0065
(3023) 0065  0000000001100101 (  10)                 .FILL x0065
(3024) 006E  0000000001101110 (  10)                 .FILL x006E
(3025) 0020  0000000000100000 (  10)                 .FILL x0020
(3026) 0030  0000000000110000 (  10)                 .FILL x0030
(3027) 0020  0000000000100000 (  10)                 .FILL x0020
(3028) 0061  0000000001100001 (  10)                 .FILL x0061
(3029) 006E  0000000001101110 (  10)                 .FILL x006E
(302A) 0064  0000000001100100 (  10)                 .FILL x0064
(302B) 0020  0000000000100000 (  10)                 .FILL x0020
(302C) 0039  0000000000111001 (  10)                 .FILL x0039
(302D) 0039  0000000000111001 (  10)                 .FILL x0039
(302E) 0029  0000000000101001 (  10)                 .FILL x0029
(302F) 003A  0000000000111010 (  10)                 .FILL x003A
(3030) 0000  0000000000000000 (  10)                 .FILL x0000
(3031) 206D  0010000001101101 (  12)                 LD    R0 NEWLINE_CONST_VAL
(3032) F021  1111000000100001 (  13)                 TRAP  x21
(3033) 48BC  0100100010111100 (  15)                 JSR   GET_NUMERIC_INPUT_RTN
(3034) EC7E  1110110001111110 (  16)                 LEA   R6 SCORE_DATA_ARRAY
(3035) 7780  0111011110000000 (  17)                 STR   R3 R6 #0
(3036) 4943  0100100101000011 (  18)                 JSR   DETERMINE_LETTER_GRADE_RTN
(3037) 48F0  0100100011110000 (  19)                 JSR   STACK_POP_OP_RTN
(3038) 2066  0010000001100110 (  21)                 LD    R0 NEWLINE_CONST_VAL
(3039) F021  1111000000100001 (  22)                 TRAP  x21
(303A) 48B5  0100100010110101 (  24)                 JSR   GET_NUMERIC_INPUT_RTN
(303B) EC77  1110110001110111 (  25)                 LEA   R6 SCORE_DATA_ARRAY
(303C) 7781  0111011110000001 (  26)                 STR   R3 R6 #1
(303D) 493C  0100100100111100 (  27)                 JSR   DETERMINE_LETTER_GRADE_RTN
(303E) 48E9  0100100011101001 (  28)                 JSR   STACK_POP_OP_RTN
(303F) 205F  0010000001011111 (  30)                 LD    R0 NEWLINE_CONST_VAL
(3040) F021  1111000000100001 (  31)                 TRAP  x21
(3041) 48AE  0100100010101110 (  33)                 JSR   GET_NUMERIC_INPUT_RTN
(3042) EC70  1110110001110000 (  34)                 LEA   R6 SCORE_DATA_ARRAY
(3043) 7782  0111011110000010 (  35)                 STR   R3 R6 #2
(3044) 4935  0100100100110101 (  36)                 JSR   DETERMINE_LETTER_GRADE_RTN
(3045) 48E2  0100100011100010 (  37)                 JSR   STACK_POP_OP_RTN
(3046) 2058  0010000001011000 (  39)                 LD    R0 NEWLINE_CONST_VAL
(3047) F021  1111000000100001 (  40)                 TRAP  x21
(3048) 48A7  0100100010100111 (  42)                 JSR   GET_NUMERIC_INPUT_RTN
(3049) EC69  1110110001101001 (  43)                 LEA   R6 SCORE_DATA_ARRAY
(304A) 7783  0111011110000011 (  44)                 STR   R3 R6 #3
(304B) 492E  0100100100101110 (  45)                 JSR   DETERMINE_LETTER_GRADE_RTN
(304C) 48DB  0100100011011011 (  46)                 JSR   STACK_POP_OP_RTN
(304D) 2051  0010000001010001 (  48)                 LD    R0 NEWLINE_CONST_VAL
(304E) F021  1111000000100001 (  49)                 TRAP  x21
(304F) 48A0  0100100010100000 (  51)                 JSR   GET_NUMERIC_INPUT_RTN
(3050) EC62  1110110001100010 (  52)                 LEA   R6 SCORE_DATA_ARRAY
(3051) 7784  0111011110000100 (  53)                 STR   R3 R6 #4
(3052) 4927  0100100100100111 (  54)                 JSR   DETERMINE_LETTER_GRADE_RTN
(3053) 48D4  0100100011010100 (  55)                 JSR   STACK_POP_OP_RTN
(3054) 204A  0010000001001010 (  57)                 LD    R0 NEWLINE_CONST_VAL
(3055) F021  1111000000100001 (  58)                 TRAP  x21
(3056) 224D  0010001001001101 (  62) FIND_MAXIMUM_SCORE LD    R1 TOTAL_SCORES_VAL
(3057) E45B  1110010001011011 (  63)                 LEA   R2 SCORE_DATA_ARRAY
(3058) 285A  0010100001011010 (  64)                 LD    R4 SCORE_DATA_ARRAY
(3059) 384B  0011100001001011 (  65)                 ST    R4 MAX_SCORE_RESULT
(305A) 14A1  0001010010100001 (  66)                 ADD   R2 R2 #1
(305B) 6A80  0110101010000000 (  69) MAX_CHECK_LOOP  LDR   R5 R2 #0
(305C) 993F  1001100100111111 (  70)                 NOT   R4 R4
(305D) 1921  0001100100100001 (  71)                 ADD   R4 R4 #1
(305E) 1B44  0001101101000100 (  72)                 ADD   R5 R5 R4
(305F) 024E  0000001001001110 (  73)                 BRP   UPDATE_MAX_AND_CONTINUE
(3060) E067  1110000001100111 (  74)                 LEA   R0 MAX_OUTPUT_LABEL
(3061) F022  1111000000100010 (  75)                 TRAP  x22
(3062) 2642  0010011001000010 (  76)                 LD    R3 MAX_SCORE_RESULT
(3063) 5260  0101001001100000 (  77)                 AND   R1 R1 #0
(3064) 48A0  0100100010100000 (  78)                 JSR   DISPLAY_NUMBER_RTN
(3065) 203A  0010000000111010 (  79)                 LD    R0 SPACE_CONST_VAL
(3066) F021  1111000000100001 (  80)                 TRAP  x21
(3067) 2037  0010000000110111 (  82)                 LD    R0 NEWLINE_CONST_VAL
(3068) F021  1111000000100001 (  83)                 TRAP  x21
(3069) 493A  0100100100111010 (  84)                 JSR   WIPE_GP_REGISTERS_RTN
(306A) 2239  0010001000111001 (  88) FIND_MINIMUM_SCORE LD    R1 TOTAL_SCORES_VAL
(306B) E447  1110010001000111 (  89)                 LEA   R2 SCORE_DATA_ARRAY
(306C) 2846  0010100001000110 (  90)                 LD    R4 SCORE_DATA_ARRAY
(306D) 3838  0011100000111000 (  91)                 ST    R4 MIN_SCORE_RESULT
(306E) 14A1  0001010010100001 (  92)                 ADD   R2 R2 #1
(306F) 127F  0001001001111111 (  93)                 ADD   R1 R1 #-1
(3070) 6A80  0110101010000000 (  96) MIN_CHECK_LOOP  LDR   R5 R2 #0
(3071) 993F  1001100100111111 (  97)                 NOT   R4 R4
(3072) 1921  0001100100100001 (  98)                 ADD   R4 R4 #1
(3073) 1B44  0001101101000100 (  99)                 ADD   R5 R5 R4
(3074) 0834  0000100000110100 ( 100)                 BRN   UPDATE_MIN_AND_CONTINUE
(3075) 14A1  0001010010100001 ( 102)                 ADD   R2 R2 #1
(3076) 283C  0010100000111100 ( 103)                 LD    R4 SCORE_DATA_ARRAY
(3077) 5B60  0101101101100000 ( 104)                 AND   R5 R5 #0
(3078) 127F  0001001001111111 ( 105)                 ADD   R1 R1 #-1
(3079) 03F6  0000001111110110 ( 106)                 BRP   MIN_CHECK_LOOP
(307A) E03D  1110000000111101 ( 108)                 LEA   R0 MIN_OUTPUT_LABEL
(307B) F022  1111000000100010 ( 109)                 TRAP  x22
(307C) 2629  0010011000101001 ( 110)                 LD    R3 MIN_SCORE_RESULT
(307D) 5260  0101001001100000 ( 111)                 AND   R1 R1 #0
(307E) 4886  0100100010000110 ( 112)                 JSR   DISPLAY_NUMBER_RTN
(307F) 2020  0010000000100000 ( 113)                 LD    R0 SPACE_CONST_VAL
(3080) F021  1111000000100001 ( 114)                 TRAP  x21
(3081) 4922  0100100100100010 ( 116)                 JSR   WIPE_GP_REGISTERS_RTN
(3082) 201C  0010000000011100 ( 117)                 LD    R0 NEWLINE_CONST_VAL
(3083) F021  1111000000100001 ( 118)                 TRAP  x21
(3084) 221F  0010001000011111 ( 122) CALCULATE_AVERAGE_SCORE LD    R1 TOTAL_SCORES_VAL
(3085) E42D  1110010000101101 ( 123)                 LEA   R2 SCORE_DATA_ARRAY
(3086) 56E0  0101011011100000 ( 124)                 AND   R3 R3 #0
(3087) 6880  0110100010000000 ( 127) SUM_ALL_SCORES_LOOP LDR   R4 R2 #0
(3088) 16C4  0001011011000100 ( 128)                 ADD   R3 R3 R4
(3089) 14A1  0001010010100001 ( 129)                 ADD   R2 R2 #1
(308A) 127F  0001001001111111 ( 130)                 ADD   R1 R1 #-1
(308B) 03FB  0000001111111011 ( 131)                 BRP   SUM_ALL_SCORES_LOOP
(308C) 2217  0010001000010111 ( 133)                 LD    R1 TOTAL_SCORES_VAL
(308D) 927F  1001001001111111 ( 134)                 NOT   R1 R1
(308E) 1261  0001001001100001 ( 135)                 ADD   R1 R1 #1
(308F) 18E0  0001100011100000 ( 136)                 ADD   R4 R3 #0
(3090) 5DA0  0101110110100000 ( 137)                 AND   R6 R6 #0
(3091) 1920  0001100100100000 ( 140) AVERAGE_DIVISION_LOOP ADD   R4 R4 #0
(3092) 0C03  0000110000000011 ( 141)                 BRNZ  AVERAGE_CALCULATION_ENDED
(3093) 1DA1  0001110110100001 ( 142)                 ADD   R6 R6 #1
(3094) 1901  0001100100000001 ( 143)                 ADD   R4 R4 R1
(3095) 03FB  0000001111111011 ( 144)                 BRP   AVERAGE_DIVISION_LOOP
(3096) 3C11  0011110000010001 ( 147) AVERAGE_CALCULATION_ENDED ST    R6 FINAL_AVERAGE_SCORE
(3097) E040  1110000001000000 ( 148)                 LEA   R0 AVG_OUTPUT_LABEL
(3098) F022  1111000000100010 ( 149)                 TRAP  x22
(3099) 56E0  0101011011100000 ( 150)                 AND   R3 R3 #0
(309A) 5260  0101001001100000 ( 151)                 AND   R1 R1 #0
(309B) 5920  0101100100100000 ( 152)                 AND   R4 R4 #0
(309C) 16C6  0001011011000110 ( 153)                 ADD   R3 R3 R6
(309D) 4867  0100100001100111 ( 154)                 JSR   DISPLAY_NUMBER_RTN
(309E) F025  1111000000100101 ( 158)                 TRAP  x25
(309F) 000A  0000000000001010 ( 162) NEWLINE_CONST_VAL .FILL x000A
(30A0) 0020  0000000000100000 ( 163) SPACE_CONST_VAL .FILL x0020
(30A1) FFD0  1111111111010000 ( 164) ASCII_TO_NUM_CONV_OFFSET .FILL xFFD0
(30A2) 0030  0000000000110000 ( 165) NUM_TO_ASCII_CONV_OFFSET .FILL x0030
(30A3) FFE2  1111111111100010 ( 166) UNUSED_ASCII_NEG_30_CONST .FILL xFFE2
(30A4) 0005  0000000000000101 ( 167) TOTAL_SCORES_VAL .FILL x0005
(30A5) 0000  0000000000000000 ( 170) MAX_SCORE_RESULT .FILL x0000
(30A6) 0000  0000000000000000 ( 171) MIN_SCORE_RESULT .FILL x0000
(30A7) 0000  0000000000000000 ( 172) UNUSED_AVG_LABEL_MEM .FILL x0000
(30A8) 0000  0000000000000000 ( 174) FINAL_AVERAGE_SCORE .FILL x0000
(30A9) 6880  0110100010000000 ( 175) UPDATE_MIN_AND_CONTINUE LDR   R4 R2 #0
(30AA) 39FB  0011100111111011 ( 176)                 ST    R4 MIN_SCORE_RESULT
(30AB) 14A1  0001010010100001 ( 177)                 ADD   R2 R2 #1
(30AC) 127F  0001001001111111 ( 178)                 ADD   R1 R1 #-1
(30AD) 0FC2  0000111111000010 ( 179)                 BRNZP MIN_CHECK_LOOP
(30AE) 6880  0110100010000000 ( 182) UPDATE_MAX_AND_CONTINUE LDR   R4 R2 #0
(30AF) 39F5  0011100111110101 ( 183)                 ST    R4 MAX_SCORE_RESULT
(30B0) 14A1  0001010010100001 ( 184)                 ADD   R2 R2 #1
(30B1) 127F  0001001001111111 ( 185)                 ADD   R1 R1 #-1
(30B2) 03A8  0000001110101000 ( 186)                 BRP   MAX_CHECK_LOOP
(30B3) 0000  0000000000000000 ( 190) SCORE_DATA_ARRAY .FILL x0000
(30B4) 0000  0000000000000000 ( 190)                 .FILL x0000
(30B5) 0000  0000000000000000 ( 190)                 .FILL x0000
(30B6) 0000  0000000000000000 ( 190)                 .FILL x0000
(30B7) 0000  0000000000000000 ( 190)                 .FILL x0000
(30B8) 004D  0000000001001101 ( 190) MIN_OUTPUT_LABEL .FILL x004D
(30B9) 0049  0000000001001001 ( 190)                 .FILL x0049
(30BA) 004E  0000000001001110 ( 190)                 .FILL x004E
(30BB) 0049  0000000001001001 ( 190)                 .FILL x0049
(30BC) 004D  0000000001001101 ( 190)                 .FILL x004D
(30BD) 0055  0000000001010101 ( 190)                 .FILL x0055
(30BE) 004D  0000000001001101 ( 190)                 .FILL x004D
(30BF) 0020  0000000000100000 ( 190)                 .FILL x0020
(30C0) 0053  0000000001010011 ( 190)                 .FILL x0053
(30C1) 0043  0000000001000011 ( 190)                 .FILL x0043
(30C2) 004F  0000000001001111 ( 190)                 .FILL x004F
(30C3) 0052  0000000001010010 ( 190)                 .FILL x0052
(30C4) 0045  0000000001000101 ( 190)                 .FILL x0045
(30C5) 003A  0000000000111010 ( 190)                 .FILL x003A
(30C6) 0020  0000000000100000 ( 190)                 .FILL x0020
(30C7) 0000  0000000000000000 ( 190)                 .FILL x0000
(30C8) 004D  0000000001001101 ( 191) MAX_OUTPUT_LABEL .FILL x004D
(30C9) 0041  0000000001000001 ( 191)                 .FILL x0041
(30CA) 0058  0000000001011000 ( 191)                 .FILL x0058
(30CB) 0049  0000000001001001 ( 191)                 .FILL x0049
(30CC) 004D  0000000001001101 ( 191)                 .FILL x004D
(30CD) 0055  0000000001010101 ( 191)                 .FILL x0055
(30CE) 004D  0000000001001101 ( 191)                 .FILL x004D
(30CF) 0020  0000000000100000 ( 191)                 .FILL x0020
(30D0) 0053  0000000001010011 ( 191)                 .FILL x0053
(30D1) 0043  0000000001000011 ( 191)                 .FILL x0043
(30D2) 004F  0000000001001111 ( 191)                 .FILL x004F
(30D3) 0052  0000000001010010 ( 191)                 .FILL x0052
(30D4) 0045  0000000001000101 ( 191)                 .FILL x0045
(30D5) 003A  0000000000111010 ( 191)                 .FILL x003A
(30D6) 0020  0000000000100000 ( 191)                 .FILL x0020
(30D7) 0000  0000000000000000 ( 191)                 .FILL x0000
(30D8) 0041  0000000001000001 ( 192) AVG_OUTPUT_LABEL .FILL x0041
(30D9) 0056  0000000001010110 ( 192)                 .FILL x0056
(30DA) 0045  0000000001000101 ( 192)                 .FILL x0045
(30DB) 0052  0000000001010010 ( 192)                 .FILL x0052
(30DC) 0041  0000000001000001 ( 192)                 .FILL x0041
(30DD) 0047  0000000001000111 ( 192)                 .FILL x0047
(30DE) 0045  0000000001000101 ( 192)                 .FILL x0045
(30DF) 0020  0000000000100000 ( 192)                 .FILL x0020
(30E0) 0053  0000000001010011 ( 192)                 .FILL x0053
(30E1) 0043  0000000001000011 ( 192)                 .FILL x0043
(30E2) 004F  0000000001001111 ( 192)                 .FILL x004F
(30E3) 0052  0000000001010010 ( 192)                 .FILL x0052
(30E4) 0045  0000000001000101 ( 192)                 .FILL x0045
(30E5) 003A  0000000000111010 ( 192)                 .FILL x003A
(30E6) 0020  0000000000100000 ( 192)                 .FILL x0020
(30E7) 0000  0000000000000000 ( 192)                 .FILL x0000
(30E8) FF87  1111111110000111 ( 224) ASCII_Y_LOWER_NEG_CONST .FILL xFF87
(30E9) FFA7  1111111110100111 ( 225) ASCII_Y_UPPER_NEG_CONST .FILL xFFA7
(30EA) 3000  0011000000000000 ( 226) PROGRAM_START_ADDR_CONST .FILL x3000
(30EB) 0000  0000000000000000 ( 228) GEN_SAVE_SLOT_1 .FILL x0000
(30EC) 0000  0000000000000000 ( 229) GEN_SAVE_SLOT_2 .FILL x0000
(30ED) 0000  0000000000000000 ( 230) GEN_SAVE_SLOT_3 .FILL x0000
(30EE) 0000  0000000000000000 ( 231) GEN_SAVE_SLOT_4 .FILL x0000
(30EF) 0000  0000000000000000 ( 232) GEN_SAVE_SLOT_5 .FILL x0000
(30F0) 3FFA  0011111111111010 ( 236) GET_NUMERIC_INPUT_RTN ST    R7 GEN_SAVE_SLOT_1
(30F1) 48B2  0100100010110010 ( 237)                 JSR   WIPE_GP_REGISTERS_RTN
(30F2) 29AE  0010100110101110 ( 238)                 LD    R4 ASCII_TO_NUM_CONV_OFFSET
(30F3) F020  1111000000100000 ( 240)                 TRAP  x20
(30F4) 48B6  0100100010110110 ( 241)                 JSR   VALIDATE_CHAR_INPUT_RTN
(30F5) F021  1111000000100001 ( 242)                 TRAP  x21
(30F6) 1220  0001001000100000 ( 244)                 ADD   R1 R0 #0
(30F7) 1244  0001001001000100 ( 245)                 ADD   R1 R1 R4
(30F8) 14AA  0001010010101010 ( 246)                 ADD   R2 R2 #10
(30F9) 16C1  0001011011000001 ( 249) MULTIPLY_TENS_DIGIT_LOOP ADD   R3 R3 R1
(30FA) 14BF  0001010010111111 ( 250)                 ADD   R2 R2 #-1
(30FB) 03FD  0000001111111101 ( 251)                 BRP   MULTIPLY_TENS_DIGIT_LOOP
(30FC) F020  1111000000100000 ( 253)                 TRAP  x20
(30FD) 48AD  0100100010101101 ( 254)                 JSR   VALIDATE_CHAR_INPUT_RTN
(30FE) F021  1111000000100001 ( 255)                 TRAP  x21
(30FF) 1004  0001000000000100 ( 257)                 ADD   R0 R0 R4
(3100) 16C0  0001011011000000 ( 258)                 ADD   R3 R3 R0
(3101) 219E  0010000110011110 ( 260)                 LD    R0 SPACE_CONST_VAL
(3102) F021  1111000000100001 ( 261)                 TRAP  x21
(3103) 2FE7  0010111111100111 ( 263)                 LD    R7 GEN_SAVE_SLOT_1
(3104) C1C0  1100000111000000 ( 264)                 RET   
(3105) 3FE5  0011111111100101 ( 268) DISPLAY_NUMBER_RTN ST    R7 GEN_SAVE_SLOT_1
(3106) 2B9B  0010101110011011 ( 269)                 LD    R5 NUM_TO_ASCII_CONV_OFFSET
(3107) 18E0  0001100011100000 ( 270)                 ADD   R4 R3 #0
(3108) 5260  0101001001100000 ( 271)                 AND   R1 R1 #0
(3109) 1261  0001001001100001 ( 274) CALC_TENS_DIGIT_LOOP ADD   R1 R1 #1
(310A) 1936  0001100100110110 ( 275)                 ADD   R4 R4 #-10
(310B) 03FD  0000001111111101 ( 276)                 BRP   CALC_TENS_DIGIT_LOOP
(310C) 127F  0001001001111111 ( 278)                 ADD   R1 R1 #-1
(310D) 192A  0001100100101010 ( 279)                 ADD   R4 R4 #10
(310E) 1D36  0001110100110110 ( 281)                 ADD   R6 R4 #-10
(310F) 0A02  0000101000000010 ( 282)                 BRNP  REMAINDER_ADJUSTED
(3110) 1261  0001001001100001 ( 285) REMAINDER_NEEDS_ADJUST ADD   R1 R1 #1
(3111) 1936  0001100100110110 ( 286)                 ADD   R4 R4 #-10
(3112) 320A  0011001000001010 ( 289) REMAINDER_ADJUSTED ST    R1 TEMP_QUOTIENT_MEM
(3113) 3808  0011100000001000 ( 290)                 ST    R4 TEMP_REMAINDER_MEM
(3114) 2008  0010000000001000 ( 292)                 LD    R0 TEMP_QUOTIENT_MEM
(3115) 1005  0001000000000101 ( 293)                 ADD   R0 R0 R5
(3116) F021  1111000000100001 ( 294)                 TRAP  x21
(3117) 2004  0010000000000100 ( 295)                 LD    R0 TEMP_REMAINDER_MEM
(3118) 1005  0001000000000101 ( 296)                 ADD   R0 R0 R5
(3119) F021  1111000000100001 ( 297)                 TRAP  x21
(311A) 2FD0  0010111111010000 ( 299)                 LD    R7 GEN_SAVE_SLOT_1
(311B) C1C0  1100000111000000 ( 300)                 RET   
(311C) 0000  0000000000000000 ( 302) TEMP_REMAINDER_MEM .FILL x0000
(311D) 0000  0000000000000000 ( 303) TEMP_QUOTIENT_MEM .FILL x0000
(311E) 3FCD  0011111111001101 ( 307) STACK_PUSH_OP_RTN ST    R7 GEN_SAVE_SLOT_2
(311F) 2C07  0010110000000111 ( 308)                 LD    R6 STACK_POINTER_MEM_LOC
(3120) 1DA0  0001110110100000 ( 309)                 ADD   R6 R6 #0
(3121) 0C15  0000110000010101 ( 310)                 BRNZ  STACK_OPERATION_ERROR
(3122) 1DBF  0001110110111111 ( 312)                 ADD   R6 R6 #-1
(3123) 7180  0111000110000000 ( 313)                 STR   R0 R6 #0
(3124) 3C02  0011110000000010 ( 314)                 ST    R6 STACK_POINTER_MEM_LOC
(3125) 2FC6  0010111111000110 ( 315)                 LD    R7 GEN_SAVE_SLOT_2
(3126) C1C0  1100000111000000 ( 316)                 RET   
(3127) 4000  0100000000000000 ( 318) STACK_POINTER_MEM_LOC .FILL x4000
(3128) 2DFE  0010110111111110 ( 322) STACK_POP_OP_RTN LD    R6 STACK_POINTER_MEM_LOC
(3129) 33C5  0011001111000101 ( 323)                 ST    R1 GEN_SAVE_SLOT_5
(312A) 220F  0010001000001111 ( 324)                 LD    R1 STACK_BOTTOM_LIMIT_NEG
(312B) 1246  0001001001000110 ( 325)                 ADD   R1 R1 R6
(312C) 060A  0000011000001010 ( 326)                 BRZP  STACK_OPERATION_ERROR
(312D) 23C1  0010001111000001 ( 327)                 LD    R1 GEN_SAVE_SLOT_5
(312E) 6180  0110000110000000 ( 329)                 LDR   R0 R6 #0
(312F) 3FBE  0011111110111110 ( 330)                 ST    R7 GEN_SAVE_SLOT_4
(3130) F021  1111000000100001 ( 332)                 TRAP  x21
(3131) 216E  0010000101101110 ( 333)                 LD    R0 SPACE_CONST_VAL
(3132) F021  1111000000100001 ( 334)                 TRAP  x21
(3133) 1DA1  0001110110100001 ( 336)                 ADD   R6 R6 #1
(3134) 3DF2  0011110111110010 ( 337)                 ST    R6 STACK_POINTER_MEM_LOC
(3135) 2FB8  0010111110111000 ( 338)                 LD    R7 GEN_SAVE_SLOT_4
(3136) C1C0  1100000111000000 ( 339)                 RET   
(3137) E003  1110000000000011 ( 342) STACK_OPERATION_ERROR LEA   R0 STACK_FAILURE_MSG
(3138) F022  1111000000100010 ( 343)                 TRAP  x22
(3139) F025  1111000000100101 ( 344)                 TRAP  x25
(313A) C000  1100000000000000 ( 346) STACK_BOTTOM_LIMIT_NEG .FILL xC000
(313B) 0043  0000000001000011 ( 347) STACK_FAILURE_MSG .FILL x0043
(313C) 0052  0000000001010010 ( 347)                 .FILL x0052
(313D) 0049  0000000001001001 ( 347)                 .FILL x0049
(313E) 0054  0000000001010100 ( 347)                 .FILL x0054
(313F) 0049  0000000001001001 ( 347)                 .FILL x0049
(3140) 0043  0000000001000011 ( 347)                 .FILL x0043
(3141) 0041  0000000001000001 ( 347)                 .FILL x0041
(3142) 004C  0000000001001100 ( 347)                 .FILL x004C
(3143) 0020  0000000000100000 ( 347)                 .FILL x0020
(3144) 0053  0000000001010011 ( 347)                 .FILL x0053
(3145) 0054  0000000001010100 ( 347)                 .FILL x0054
(3146) 0041  0000000001000001 ( 347)                 .FILL x0041
(3147) 0043  0000000001000011 ( 347)                 .FILL x0043
(3148) 004B  0000000001001011 ( 347)                 .FILL x004B
(3149) 0020  0000000000100000 ( 347)                 .FILL x0020
(314A) 0046  0000000001000110 ( 347)                 .FILL x0046
(314B) 0041  0000000001000001 ( 347)                 .FILL x0041
(314C) 0055  0000000001010101 ( 347)                 .FILL x0055
(314D) 004C  0000000001001100 ( 347)                 .FILL x004C
(314E) 0054  0000000001010100 ( 347)                 .FILL x0054
(314F) 0020  0000000000100000 ( 347)                 .FILL x0020
(3150) 0028  0000000000101000 ( 347)                 .FILL x0028
(3151) 004F  0000000001001111 ( 347)                 .FILL x004F
(3152) 0076  0000000001110110 ( 347)                 .FILL x0076
(3153) 0065  0000000001100101 ( 347)                 .FILL x0065
(3154) 0072  0000000001110010 ( 347)                 .FILL x0072
(3155) 0066  0000000001100110 ( 347)                 .FILL x0066
(3156) 006C  0000000001101100 ( 347)                 .FILL x006C
(3157) 006F  0000000001101111 ( 347)                 .FILL x006F
(3158) 0077  0000000001110111 ( 347)                 .FILL x0077
(3159) 002F  0000000000101111 ( 347)                 .FILL x002F
(315A) 0055  0000000001010101 ( 347)                 .FILL x0055
(315B) 006E  0000000001101110 ( 347)                 .FILL x006E
(315C) 0064  0000000001100100 ( 347)                 .FILL x0064
(315D) 0065  0000000001100101 ( 347)                 .FILL x0065
(315E) 0072  0000000001110010 ( 347)                 .FILL x0072
(315F) 0066  0000000001100110 ( 347)                 .FILL x0066
(3160) 006C  0000000001101100 ( 347)                 .FILL x006C
(3161) 006F  0000000001101111 ( 347)                 .FILL x006F
(3162) 0077  0000000001110111 ( 347)                 .FILL x0077
(3163) 0029  0000000000101001 ( 347)                 .FILL x0029
(3164) 002E  0000000000101110 ( 347)                 .FILL x002E
(3165) 0020  0000000000100000 ( 347)                 .FILL x0020
(3166) 0050  0000000001010000 ( 347)                 .FILL x0050
(3167) 0072  0000000001110010 ( 347)                 .FILL x0072
(3168) 006F  0000000001101111 ( 347)                 .FILL x006F
(3169) 0067  0000000001100111 ( 347)                 .FILL x0067
(316A) 0072  0000000001110010 ( 347)                 .FILL x0072
(316B) 0061  0000000001100001 ( 347)                 .FILL x0061
(316C) 006D  0000000001101101 ( 347)                 .FILL x006D
(316D) 0020  0000000000100000 ( 347)                 .FILL x0020
(316E) 0074  0000000001110100 ( 347)                 .FILL x0074
(316F) 0065  0000000001100101 ( 347)                 .FILL x0065
(3170) 0072  0000000001110010 ( 347)                 .FILL x0072
(3171) 006D  0000000001101101 ( 347)                 .FILL x006D
(3172) 0069  0000000001101001 ( 347)                 .FILL x0069
(3173) 006E  0000000001101110 ( 347)                 .FILL x006E
(3174) 0061  0000000001100001 ( 347)                 .FILL x0061
(3175) 0074  0000000001110100 ( 347)                 .FILL x0074
(3176) 0065  0000000001100101 ( 347)                 .FILL x0065
(3177) 0064  0000000001100100 ( 347)                 .FILL x0064
(3178) 002E  0000000000101110 ( 347)                 .FILL x002E
(3179) 0000  0000000000000000 ( 347)                 .FILL x0000
(317A) 54A0  0101010010100000 ( 351) DETERMINE_LETTER_GRADE_RTN AND   R2 R2 #0
(317B) 201E  0010000000011110 ( 354) CHECK_FOR_A     LD    R0 GRADE_A_MIN_NEG
(317C) 221E  0010001000011110 ( 355)                 LD    R1 ASCII_CHAR_A
(317D) 14C0  0001010011000000 ( 356)                 ADD   R2 R3 R0
(317E) 0615  0000011000010101 ( 357)                 BRZP  STORE_LETTER_AND_PUSH_RTN
(317F) 54A0  0101010010100000 ( 360) CHECK_FOR_B     AND   R2 R2 #0
(3180) 201B  0010000000011011 ( 361)                 LD    R0 GRADE_B_MIN_NEG
(3181) 221B  0010001000011011 ( 362)                 LD    R1 ASCII_CHAR_B
(3182) 14C0  0001010011000000 ( 363)                 ADD   R2 R3 R0
(3183) 0610  0000011000010000 ( 364)                 BRZP  STORE_LETTER_AND_PUSH_RTN
(3184) 54A0  0101010010100000 ( 367) CHECK_FOR_C     AND   R2 R2 #0
(3185) 2018  0010000000011000 ( 368)                 LD    R0 GRADE_C_MIN_NEG
(3186) 2218  0010001000011000 ( 369)                 LD    R1 ASCII_CHAR_C
(3187) 14C0  0001010011000000 ( 370)                 ADD   R2 R3 R0
(3188) 060B  0000011000001011 ( 371)                 BRZP  STORE_LETTER_AND_PUSH_RTN
(3189) 54A0  0101010010100000 ( 374) CHECK_FOR_D     AND   R2 R2 #0
(318A) 2015  0010000000010101 ( 375)                 LD    R0 GRADE_D_MIN_NEG
(318B) 2215  0010001000010101 ( 376)                 LD    R1 ASCII_CHAR_D
(318C) 14C0  0001010011000000 ( 377)                 ADD   R2 R3 R0
(318D) 0606  0000011000000110 ( 378)                 BRZP  STORE_LETTER_AND_PUSH_RTN
(318E) 54A0  0101010010100000 ( 381) ASSIGN_F_GRADE_DEFAULT AND   R2 R2 #0
(318F) 2012  0010000000010010 ( 382)                 LD    R0 GRADE_F_MIN_NEG
(3190) 2212  0010001000010010 ( 383)                 LD    R1 ASCII_CHAR_F
(3191) 14C0  0001010011000000 ( 384)                 ADD   R2 R3 R0
(3192) 0E01  0000111000000001 ( 385)                 BRNZP STORE_LETTER_AND_PUSH_RTN
(3193) C1C0  1100000111000000 ( 387)                 RET   
(3194) 3F56  0011111101010110 ( 390) STORE_LETTER_AND_PUSH_RTN ST    R7 GEN_SAVE_SLOT_1
(3195) 5020  0101000000100000 ( 391)                 AND   R0 R0 #0
(3196) 1060  0001000001100000 ( 392)                 ADD   R0 R1 #0
(3197) 4F86  0100111110000110 ( 393)                 JSR   STACK_PUSH_OP_RTN
(3198) 2F52  0010111101010010 ( 394)                 LD    R7 GEN_SAVE_SLOT_1
(3199) C1C0  1100000111000000 ( 395)                 RET   
(319A) FFA6  1111111110100110 ( 397) GRADE_A_MIN_NEG .FILL xFFA6
(319B) 0041  0000000001000001 ( 398) ASCII_CHAR_A    .FILL x0041
(319C) FFB0  1111111110110000 ( 399) GRADE_B_MIN_NEG .FILL xFFB0
(319D) 0042  0000000001000010 ( 400) ASCII_CHAR_B    .FILL x0042
(319E) FFBA  1111111110111010 ( 401) GRADE_C_MIN_NEG .FILL xFFBA
(319F) 0043  0000000001000011 ( 402) ASCII_CHAR_C    .FILL x0043
(31A0) FFC4  1111111111000100 ( 403) GRADE_D_MIN_NEG .FILL xFFC4
(31A1) 0044  0000000001000100 ( 404) ASCII_CHAR_D    .FILL x0044
(31A2) FFCE  1111111111001110 ( 405) GRADE_F_MIN_NEG .FILL xFFCE
(31A3) 0046  0000000001000110 ( 406) ASCII_CHAR_F    .FILL x0046
(31A4) 5260  0101001001100000 ( 410) WIPE_GP_REGISTERS_RTN AND   R1 R1 #0
(31A5) 54A0  0101010010100000 ( 411)                 AND   R2 R2 #0
(31A6) 56E0  0101011011100000 ( 412)                 AND   R3 R3 #0
(31A7) 5920  0101100100100000 ( 413)                 AND   R4 R4 #0
(31A8) 5B60  0101101101100000 ( 414)                 AND   R5 R5 #0
(31A9) 5DA0  0101110110100000 ( 415)                 AND   R6 R6 #0
(31AA) C1C0  1100000111000000 ( 416)                 RET   
(31AB) 3343  0011001101000011 ( 420) VALIDATE_CHAR_INPUT_RTN ST    R1 GEN_SAVE_SLOT_5
(31AC) 3541  0011010101000001 ( 421)                 ST    R2 GEN_SAVE_SLOT_4
(31AD) 373F  0011011100111111 ( 422)                 ST    R3 GEN_SAVE_SLOT_3
(31AE) 224E  0010001001001110 ( 424)                 LD    R1 MIN_VALID_DIGIT_NEG_ASCII
(31AF) 1401  0001010000000001 ( 425)                 ADD   R2 R0 R1
(31B0) 0807  0000100000000111 ( 426)                 BRN   INPUT_VALIDATION_FAILURE
(31B1) 224C  0010001001001100 ( 428)                 LD    R1 MAX_VALID_DIGIT_NEG_ASCII
(31B2) 1601  0001011000000001 ( 429)                 ADD   R3 R0 R1
(31B3) 0204  0000001000000100 ( 430)                 BRP   INPUT_VALIDATION_FAILURE
(31B4) 233A  0010001100111010 ( 432)                 LD    R1 GEN_SAVE_SLOT_5
(31B5) 2538  0010010100111000 ( 433)                 LD    R2 GEN_SAVE_SLOT_4
(31B6) 2736  0010011100110110 ( 434)                 LD    R3 GEN_SAVE_SLOT_3
(31B7) C1C0  1100000111000000 ( 435)                 RET   
(31B8) E005  1110000000000101 ( 438) INPUT_VALIDATION_FAILURE LEA   R0 INVALID_CHAR_ERROR_MSG
(31B9) F022  1111000000100010 ( 439)                 TRAP  x22
(31BA) 2044  0010000001000100 ( 440)                 LD    R0 NEWLINE_FOR_VALIDATION_ERR
(31BB) F021  1111000000100001 ( 441)                 TRAP  x21
(31BC) 2E3F  0010111000111111 ( 442)                 LD    R7 MAIN_PROGRAM_START_ADDR
(31BD) C1C0  1100000111000000 ( 443)                 RET   
(31BE) 0045  0000000001000101 ( 445) INVALID_CHAR_ERROR_MSG .FILL x0045
(31BF) 0052  0000000001010010 ( 445)                 .FILL x0052
(31C0) 0052  0000000001010010 ( 445)                 .FILL x0052
(31C1) 004F  0000000001001111 ( 445)                 .FILL x004F
(31C2) 0052  0000000001010010 ( 445)                 .FILL x0052
(31C3) 003A  0000000000111010 ( 445)                 .FILL x003A
(31C4) 0020  0000000000100000 ( 445)                 .FILL x0020
(31C5) 0049  0000000001001001 ( 445)                 .FILL x0049
(31C6) 006E  0000000001101110 ( 445)                 .FILL x006E
(31C7) 0076  0000000001110110 ( 445)                 .FILL x0076
(31C8) 0061  0000000001100001 ( 445)                 .FILL x0061
(31C9) 006C  0000000001101100 ( 445)                 .FILL x006C
(31CA) 0069  0000000001101001 ( 445)                 .FILL x0069
(31CB) 0064  0000000001100100 ( 445)                 .FILL x0064
(31CC) 0020  0000000000100000 ( 445)                 .FILL x0020
(31CD) 0063  0000000001100011 ( 445)                 .FILL x0063
(31CE) 0068  0000000001101000 ( 445)                 .FILL x0068
(31CF) 0061  0000000001100001 ( 445)                 .FILL x0061
(31D0) 0072  0000000001110010 ( 445)                 .FILL x0072
(31D1) 0061  0000000001100001 ( 445)                 .FILL x0061
(31D2) 0063  0000000001100011 ( 445)                 .FILL x0063
(31D3) 0074  0000000001110100 ( 445)                 .FILL x0074
(31D4) 0065  0000000001100101 ( 445)                 .FILL x0065
(31D5) 0072  0000000001110010 ( 445)                 .FILL x0072
(31D6) 0020  0000000000100000 ( 445)                 .FILL x0020
(31D7) 0065  0000000001100101 ( 445)                 .FILL x0065
(31D8) 006E  0000000001101110 ( 445)                 .FILL x006E
(31D9) 0074  0000000001110100 ( 445)                 .FILL x0074
(31DA) 0065  0000000001100101 ( 445)                 .FILL x0065
(31DB) 0072  0000000001110010 ( 445)                 .FILL x0072
(31DC) 0065  0000000001100101 ( 445)                 .FILL x0065
(31DD) 0064  0000000001100100 ( 445)                 .FILL x0064
(31DE) 002E  0000000000101110 ( 445)                 .FILL x002E
(31DF) 0020  0000000000100000 ( 445)                 .FILL x0020
(31E0) 0052  0000000001010010 ( 445)                 .FILL x0052
(31E1) 0065  0000000001100101 ( 445)                 .FILL x0065
(31E2) 0073  0000000001110011 ( 445)                 .FILL x0073
(31E3) 0074  0000000001110100 ( 445)                 .FILL x0074
(31E4) 0061  0000000001100001 ( 445)                 .FILL x0061
(31E5) 0072  0000000001110010 ( 445)                 .FILL x0072
(31E6) 0074  0000000001110100 ( 445)                 .FILL x0074
(31E7) 0069  0000000001101001 ( 445)                 .FILL x0069
(31E8) 006E  0000000001101110 ( 445)                 .FILL x006E
(31E9) 0067  0000000001100111 ( 445)                 .FILL x0067
(31EA) 0020  0000000000100000 ( 445)                 .FILL x0020
(31EB) 0069  0000000001101001 ( 445)                 .FILL x0069
(31EC) 006E  0000000001101110 ( 445)                 .FILL x006E
(31ED) 0070  0000000001110000 ( 445)                 .FILL x0070
(31EE) 0075  0000000001110101 ( 445)                 .FILL x0075
(31EF) 0074  0000000001110100 ( 445)                 .FILL x0074
(31F0) 0020  0000000000100000 ( 445)                 .FILL x0020
(31F1) 0070  0000000001110000 ( 445)                 .FILL x0070
(31F2) 0072  0000000001110010 ( 445)                 .FILL x0072
(31F3) 006F  0000000001101111 ( 445)                 .FILL x006F
(31F4) 0063  0000000001100011 ( 445)                 .FILL x0063
(31F5) 0065  0000000001100101 ( 445)                 .FILL x0065
(31F6) 0073  0000000001110011 ( 445)                 .FILL x0073
(31F7) 0073  0000000001110011 ( 445)                 .FILL x0073
(31F8) 002E  0000000000101110 ( 445)                 .FILL x002E
(31F9) 002E  0000000000101110 ( 445)                 .FILL x002E
(31FA) 002E  0000000000101110 ( 445)                 .FILL x002E
(31FB) 0000  0000000000000000 ( 445)                 .FILL x0000
(31FC) 3000  0011000000000000 ( 446) MAIN_PROGRAM_START_ADDR .FILL x3000
(31FD) FFD0  1111111111010000 ( 447) MIN_VALID_DIGIT_NEG_ASCII .FILL xFFD0
(31FE) FFC7  1111111111000111 ( 448) MAX_VALID_DIGIT_NEG_ASCII .FILL xFFC7
(31FF) 000A  0000000000001010 ( 449) NEWLINE_FOR_VALIDATION_ERR .FILL x000A
